<?xml version="1.0" encoding="UTF-8"?>
<!-- Generated by org.testng.reporters.JUnitXMLReporter -->
<testsuite ignored="0" hostname="localhost.localdomain" failures="0" tests="3" name="Create Warrior" time="50.572" errors="0" timestamp="2022-02-03T23:24:55 AEDT">
  <testcase classname="cbachallenge.TestCovid19" name="@BeforeMethod setup" time="50.466">
    <failure type="org.openqa.selenium.WebDriverException" message="Reached error page: about:neterror?e=netTimeout&amp;amp;u=https%3A//responsivefight.herokuapp.com/&amp;amp;c=UTF-8&amp;amp;d=The%20server%20at%20responsivefight.herokuapp.com%20is%20taking%20too%20long%20to%20respond.
Build info: version: &amp;apos;4.0.0-alpha-5&amp;apos;, revision: &amp;apos;b3a0d621cc&amp;apos;
System info: host: &amp;apos;fedora&amp;apos;, ip: &amp;apos;127.0.0.1&amp;apos;, os.name: &amp;apos;Linux&amp;apos;, os.arch: &amp;apos;amd64&amp;apos;, os.version: &amp;apos;5.14.18-100.fc33.x86_64&amp;apos;, java.version: &amp;apos;17.0.1&amp;apos;
Driver info: org.openqa.selenium.firefox.FirefoxDriver
Capabilities {acceptInsecureCerts: true, browserName: firefox, browserVersion: 94.0, javascriptEnabled: true, moz:accessibilityChecks: false, moz:buildID: 20211102105145, moz:geckodriverVersion: 0.30.0, moz:headless: false, moz:processID: 18049, moz:profile: /tmp/rust_mozprofilePnlxnv, moz:shutdownTimeout: 60000, moz:useNonSpecCompliantPointerOrigin: false, moz:webdriverClick: true, pageLoadStrategy: normal, platform: LINUX, platformName: LINUX, platformVersion: 5.14.18-100.fc33.x86_64, proxy: Proxy(), setWindowRect: true, strictFileInteractability: false, timeouts: {implicit: 0, pageLoad: 300000, script: 30000}, unhandledPromptBehavior: dismiss and notify}
Session ID: 30fd0598-122a-4b0f-8a81-e7241f0c5af8">
      <![CDATA[org.openqa.selenium.WebDriverException: Reached error page: about:neterror?e=netTimeout&u=https%3A//responsivefight.herokuapp.com/&c=UTF-8&d=The%20server%20at%20responsivefight.herokuapp.com%20is%20taking%20too%20long%20to%20respond.
Build info: version: '4.0.0-alpha-5', revision: 'b3a0d621cc'
System info: host: 'fedora', ip: '127.0.0.1', os.name: 'Linux', os.arch: 'amd64', os.version: '5.14.18-100.fc33.x86_64', java.version: '17.0.1'
Driver info: org.openqa.selenium.firefox.FirefoxDriver
Capabilities {acceptInsecureCerts: true, browserName: firefox, browserVersion: 94.0, javascriptEnabled: true, moz:accessibilityChecks: false, moz:buildID: 20211102105145, moz:geckodriverVersion: 0.30.0, moz:headless: false, moz:processID: 18049, moz:profile: /tmp/rust_mozprofilePnlxnv, moz:shutdownTimeout: 60000, moz:useNonSpecCompliantPointerOrigin: false, moz:webdriverClick: true, pageLoadStrategy: normal, platform: LINUX, platformName: LINUX, platformVersion: 5.14.18-100.fc33.x86_64, proxy: Proxy(), setWindowRect: true, strictFileInteractability: false, timeouts: {implicit: 0, pageLoad: 300000, script: 30000}, unhandledPromptBehavior: dismiss and notify}
Session ID: 30fd0598-122a-4b0f-8a81-e7241f0c5af8
at org.openqa.selenium.remote.codec.w3c.W3CHttpResponseCodec.createException(W3CHttpResponseCodec.java:196)
at org.openqa.selenium.remote.codec.w3c.W3CHttpResponseCodec.decode(W3CHttpResponseCodec.java:129)
at org.openqa.selenium.remote.codec.w3c.W3CHttpResponseCodec.decode(W3CHttpResponseCodec.java:53)
at org.openqa.selenium.remote.HttpCommandExecutor.execute(HttpCommandExecutor.java:161)
at org.openqa.selenium.remote.service.DriverCommandExecutor.execute(DriverCommandExecutor.java:83)
at org.openqa.selenium.remote.RemoteWebDriver.execute(RemoteWebDriver.java:582)
at org.openqa.selenium.remote.RemoteWebDriver.get(RemoteWebDriver.java:282)
at cbachallenge.TestCovid19.setup(TestCovid19.java:27)
at java.base/java.util.ArrayList.forEach(ArrayList.java:1511)
... Removed 36 stack frames]]>
    </failure>
  </testcase> <!-- @BeforeMethod setup -->
  <testcase classname="cbachallenge.TestCovid19" name="@BeforeMethod setup" time="-1.643891095037E9">
    <skipped/>
  </testcase> <!-- @BeforeMethod setup -->
  <testcase classname="cbachallenge.TestCovid19" name="@BeforeMethod setup" time="-1.643891095051E9">
    <skipped/>
  </testcase> <!-- @BeforeMethod setup -->
  <testcase classname="cbachallenge.TestCovid19" name="@AfterTest tearDown" time="-1.643891095057E9">
    <skipped/>
  </testcase> <!-- @AfterTest tearDown -->
  <testcase classname="cbachallenge.TestCovid19" name="verifyPageTitleTest" time="0.0">
    <skipped/>
  </testcase> <!-- verifyPageTitleTest -->
  <testcase classname="cbachallenge.TestCovid19" name="verifyPageLogoTest" time="0.0">
    <skipped/>
  </testcase> <!-- verifyPageLogoTest -->
  <testcase classname="cbachallenge.TestCovid19" name="verifyWarriorCreation" time="0.0">
    <skipped/>
  </testcase> <!-- verifyWarriorCreation -->
</testsuite> <!-- Create Warrior -->
